This is pdfTeX, Version 3.141592653-2.6-1.40.24 (TeX Live 2022) (preloaded format=pdflatex 2022.5.13)  2 SEP 2022 11:13
entering extended mode
 restricted \write18 enabled.
 %&-line parsing enabled.
**2022_08_HypothesisModels.tex
(./2022_08_HypothesisModels.tex
LaTeX2e <2021-11-15> patch level 1
L3 programming layer <2022-02-24>
(/usr/local/texlive/2022/texmf-dist/tex/latex/base/report.cls
Document Class: report 2021/10/04 v1.4n Standard LaTeX document class
(/usr/local/texlive/2022/texmf-dist/tex/latex/base/size10.clo
File: size10.clo 2021/10/04 v1.4n Standard LaTeX file (size option)
)
\c@part=\count185
\c@chapter=\count186
\c@section=\count187
\c@subsection=\count188
\c@subsubsection=\count189
\c@paragraph=\count190
\c@subparagraph=\count191
\c@figure=\count192
\c@table=\count193
\abovecaptionskip=\skip47
\belowcaptionskip=\skip48
\bibindent=\dimen138
)
(/usr/local/texlive/2022/texmf-dist/tex/latex/graphics/lscape.sty
Package: lscape 2020/05/28 v3.02 Landscape Pages (DPC)

(/usr/local/texlive/2022/texmf-dist/tex/latex/graphics/graphics.sty
Package: graphics 2021/03/04 v1.4d Standard LaTeX Graphics (DPC,SPQR)

(/usr/local/texlive/2022/texmf-dist/tex/latex/graphics/trig.sty
Package: trig 2021/08/11 v1.11 sin cos tan (DPC)
)
(/usr/local/texlive/2022/texmf-dist/tex/latex/graphics-cfg/graphics.cfg
File: graphics.cfg 2016/06/04 v1.11 sample graphics configuration
)
Package graphics Info: Driver file: pdftex.def on input line 107.

(/usr/local/texlive/2022/texmf-dist/tex/latex/graphics-def/pdftex.def
File: pdftex.def 2020/10/05 v1.2a Graphics/color driver for pdftex
)))
(/usr/local/texlive/2022/texmf-dist/tex/latex/tablefootnote/tablefootnote.sty
Package: tablefootnote 2014/01/26 v1.1c Table foot notes (HMM)

(/usr/local/texlive/2022/texmf-dist/tex/generic/ltxcmds/ltxcmds.sty
Package: ltxcmds 2020-05-10 v1.25 LaTeX kernel commands for general use (HO)
)
(/usr/local/texlive/2022/texmf-dist/tex/latex/letltxmacro/letltxmacro.sty
Package: letltxmacro 2019/12/03 v1.6 Let assignment for LaTeX macros (HO)
)
(/usr/local/texlive/2022/texmf-dist/tex/latex/xifthen/xifthen.sty
Package: xifthen 2015/11/05 v1.4.0 Extended ifthen features

(/usr/local/texlive/2022/texmf-dist/tex/latex/tools/calc.sty
Package: calc 2017/05/25 v4.3 Infix arithmetic (KKT,FJ)
\calc@Acount=\count194
\calc@Bcount=\count195
\calc@Adimen=\dimen139
\calc@Bdimen=\dimen140
\calc@Askip=\skip49
\calc@Bskip=\skip50
LaTeX Info: Redefining \setlength on input line 80.
LaTeX Info: Redefining \addtolength on input line 81.
\calc@Ccount=\count196
\calc@Cskip=\skip51
)
(/usr/local/texlive/2022/texmf-dist/tex/latex/base/ifthen.sty
Package: ifthen 2020/11/24 v1.1c Standard LaTeX ifthen package (DPC)
)
(/usr/local/texlive/2022/texmf-dist/tex/latex/ifmtarg/ifmtarg.sty
Package: ifmtarg 2018/04/16 v1.2b check for an empty argument
))
(/usr/local/texlive/2022/texmf-dist/tex/latex/etoolbox/etoolbox.sty
Package: etoolbox 2020/10/05 v2.5k e-TeX tools for LaTeX (JAW)
\etb@tempcnta=\count197
))
(/usr/local/texlive/2022/texmf-dist/tex/latex/geometry/geometry.sty
Package: geometry 2020/01/02 v5.9 Page Geometry

(/usr/local/texlive/2022/texmf-dist/tex/latex/graphics/keyval.sty
Package: keyval 2014/10/28 v1.15 key=value parser (DPC)
\KV@toks@=\toks16
)
(/usr/local/texlive/2022/texmf-dist/tex/generic/iftex/ifvtex.sty
Package: ifvtex 2019/10/25 v1.7 ifvtex legacy package. Use iftex instead.

(/usr/local/texlive/2022/texmf-dist/tex/generic/iftex/iftex.sty
Package: iftex 2022/02/03 v1.0f TeX engine tests
))
\Gm@cnth=\count198
\Gm@cntv=\count199
\c@Gm@tempcnt=\count266
\Gm@bindingoffset=\dimen141
\Gm@wd@mp=\dimen142
\Gm@odd@mp=\dimen143
\Gm@even@mp=\dimen144
\Gm@layoutwidth=\dimen145
\Gm@layoutheight=\dimen146
\Gm@layouthoffset=\dimen147
\Gm@layoutvoffset=\dimen148
\Gm@dimlist=\toks17
)
(/usr/local/texlive/2022/texmf-dist/tex/latex/booktabs/booktabs.sty
Package: booktabs 2020/01/12 v1.61803398 Publication quality tables
\heavyrulewidth=\dimen149
\lightrulewidth=\dimen150
\cmidrulewidth=\dimen151
\belowrulesep=\dimen152
\belowbottomsep=\dimen153
\aboverulesep=\dimen154
\abovetopsep=\dimen155
\cmidrulesep=\dimen156
\cmidrulekern=\dimen157
\defaultaddspace=\dimen158
\@cmidla=\count267
\@cmidlb=\count268
\@aboverulesep=\dimen159
\@belowrulesep=\dimen160
\@thisruleclass=\count269
\@lastruleclass=\count270
\@thisrulewidth=\dimen161
)
(/usr/local/texlive/2022/texmf-dist/tex/latex/oberdiek/resizegather.sty
Package: resizegather 2016/05/16 v1.3 Resize overly large equations (HO)

(/usr/local/texlive/2022/texmf-dist/tex/latex/kvoptions/kvoptions.sty
Package: kvoptions 2020-10-07 v3.14 Key value format for package options (HO)

(/usr/local/texlive/2022/texmf-dist/tex/generic/kvsetkeys/kvsetkeys.sty
Package: kvsetkeys 2019/12/15 v1.18 Key value parser (HO)
))
(/usr/local/texlive/2022/texmf-dist/tex/latex/amsmath/amsmath.sty
Package: amsmath 2021/10/15 v2.17l AMS math features
\@mathmargin=\skip52

For additional information on amsmath, use the `?' option.
(/usr/local/texlive/2022/texmf-dist/tex/latex/amsmath/amstext.sty
Package: amstext 2021/08/26 v2.01 AMS text

(/usr/local/texlive/2022/texmf-dist/tex/latex/amsmath/amsgen.sty
File: amsgen.sty 1999/11/30 v2.0 generic functions
\@emptytoks=\toks18
\ex@=\dimen162
))
(/usr/local/texlive/2022/texmf-dist/tex/latex/amsmath/amsbsy.sty
Package: amsbsy 1999/11/29 v1.2d Bold Symbols
\pmbraise@=\dimen163
)
(/usr/local/texlive/2022/texmf-dist/tex/latex/amsmath/amsopn.sty
Package: amsopn 2021/08/26 v2.02 operator names
)
\inf@bad=\count271
LaTeX Info: Redefining \frac on input line 234.
\uproot@=\count272
\leftroot@=\count273
LaTeX Info: Redefining \overline on input line 399.
\classnum@=\count274
\DOTSCASE@=\count275
LaTeX Info: Redefining \ldots on input line 496.
LaTeX Info: Redefining \dots on input line 499.
LaTeX Info: Redefining \cdots on input line 620.
\Mathstrutbox@=\box50
\strutbox@=\box51
\big@size=\dimen164
LaTeX Font Info:    Redeclaring font encoding OML on input line 743.
LaTeX Font Info:    Redeclaring font encoding OMS on input line 744.
\macc@depth=\count276
\c@MaxMatrixCols=\count277
\dotsspace@=\muskip16
\c@parentequation=\count278
\dspbrk@lvl=\count279
\tag@help=\toks19
\row@=\count280
\column@=\count281
\maxfields@=\count282
\andhelp@=\toks20
\eqnshift@=\dimen165
\alignsep@=\dimen166
\tagshift@=\dimen167
\tagwidth@=\dimen168
\totwidth@=\dimen169
\lineht@=\dimen170
\@envbody=\toks21
\multlinegap=\skip53
\multlinetaggap=\skip54
\mathdisplay@stack=\toks22
LaTeX Info: Redefining \[ on input line 2938.
LaTeX Info: Redefining \] on input line 2939.
))
(/usr/local/texlive/2022/texmf-dist/tex/latex/tools/longtable.sty
Package: longtable 2021-09-01 v4.17 Multi-page Table package (DPC)
\LTleft=\skip55
\LTright=\skip56
\LTpre=\skip57
\LTpost=\skip58
\LTchunksize=\count283
\LTcapwidth=\dimen171
\LT@head=\box52
\LT@firsthead=\box53
\LT@foot=\box54
\LT@lastfoot=\box55
\LT@gbox=\box56
\LT@cols=\count284
\LT@rows=\count285
\c@LT@tables=\count286
\c@LT@chunks=\count287
\LT@p@ftn=\toks23
)
(/usr/local/texlive/2022/texmf-dist/tex/latex/siunitx/siunitx.sty
Package: siunitx 2022-02-15 v3.0.49 A comprehensive (SI) units package
\l__siunitx_angle_tmp_dim=\dimen172
\l__siunitx_angle_marker_box=\box57
\l__siunitx_angle_unit_box=\box58
\l__siunitx_compound_count_int=\count288

(/usr/local/texlive/2022/texmf-dist/tex/latex/translations/translations.sty
Package: translations 2022/02/05 v1.12 internationalization of LaTeX2e packages
 (CN)

(/usr/local/texlive/2022/texmf-dist/tex/generic/pdftexcmds/pdftexcmds.sty
Package: pdftexcmds 2020-06-27 v0.33 Utility functions of pdfTeX for LuaTeX (HO
)

(/usr/local/texlive/2022/texmf-dist/tex/generic/infwarerr/infwarerr.sty
Package: infwarerr 2019/12/03 v1.5 Providing info/warning/error messages (HO)
)
Package pdftexcmds Info: \pdf@primitive is available.
Package pdftexcmds Info: \pdf@ifprimitive is available.
Package pdftexcmds Info: \pdfdraftmode found.
))
\l__siunitx_number_exponent_fixed_int=\count289
\l__siunitx_number_min_decimal_int=\count290
\l__siunitx_number_min_integer_int=\count291
\l__siunitx_number_round_precision_int=\count292
\l__siunitx_number_group_minimum_int=\count293
\l__siunitx_table_tmp_box=\box59
\l__siunitx_table_tmp_dim=\dimen173
\l__siunitx_table_column_width_dim=\dimen174
\l__siunitx_table_integer_box=\box60
\l__siunitx_table_decimal_box=\box61
\l__siunitx_table_before_box=\box62
\l__siunitx_table_after_box=\box63
\l__siunitx_table_before_dim=\dimen175
\l__siunitx_table_carry_dim=\dimen176
\l__siunitx_unit_tmp_int=\count294
\l__siunitx_unit_position_int=\count295
\l__siunitx_unit_total_int=\count296

(/usr/local/texlive/2022/texmf-dist/tex/latex/l3packages/l3keys2e/l3keys2e.sty
(/usr/local/texlive/2022/texmf-dist/tex/latex/l3kernel/expl3.sty
Package: expl3 2022-02-24 L3 programming layer (loader) 

(/usr/local/texlive/2022/texmf-dist/tex/latex/l3backend/l3backend-pdftex.def
File: l3backend-pdftex.def 2022-02-07 L3 backend support: PDF output (pdfTeX)
\l__color_backend_stack_int=\count297
\l__pdf_internal_box=\box64
))
Package: l3keys2e 2022-01-12 LaTeX2e option processing using LaTeX3 keys
) (/usr/local/texlive/2022/texmf-dist/tex/latex/tools/array.sty
Package: array 2021/10/04 v2.5f Tabular extension package (FMi)
\col@sep=\dimen177
\ar@mcellbox=\box65
\extrarowheight=\dimen178
\NC@list=\toks24
\extratabsurround=\skip59
\backup@length=\skip60
\ar@cellbox=\box66
))
(/usr/local/texlive/2022/texmf-dist/tex/latex/graphics/graphicx.sty
Package: graphicx 2021/09/16 v1.2d Enhanced LaTeX Graphics (DPC,SPQR)
\Gin@req@height=\dimen179
\Gin@req@width=\dimen180
)
(/usr/local/texlive/2022/texmf-dist/tex/latex/floatrow/floatrow.sty
Package: floatrow 2008/08/02 v0.3b floatrow: float package extension

(/usr/local/texlive/2022/texmf-dist/tex/latex/caption/caption3.sty
Package: caption3 2022/03/17 v2.3b caption3 kernel (AR)
\caption@tempdima=\dimen181
\captionmargin=\dimen182
\caption@leftmargin=\dimen183
\caption@rightmargin=\dimen184
\caption@width=\dimen185
\caption@indent=\dimen186
\caption@parindent=\dimen187
\caption@hangindent=\dimen188
Package caption Info: Standard document class detected.
)
\c@float@type=\count298
\float@exts=\toks25
\float@box=\box67
\@floatcapt=\box68
Package floatrow Info: Modified float package code loaded on input line 455.
Package floatrow Info: Modified rotfloat package code loaded on input line 473.

\FR@everyfloat=\toks26
\flrow@foot=\insert252
\FB@wd=\dimen189
\FBo@wd=\dimen190
\FBc@wd=\dimen191
\FBo@ht=\skip61
\FBc@ht=\skip62
\FBf@ht=\skip63
\FBo@max=\skip64
\FBc@max=\skip65
\FBf@max=\skip66
\c@FBl@b=\count299
\floatbox@depth=\count300
\c@FRobj=\count301
\c@FRsobj=\count302
\Xhsize=\skip67
\sXhsize=\skip68
\Zhsize=\skip69
\sZhsize=\skip70
\flrow@rowbox=\box69
\FR@Zunitlength=\dimen192
\c@FBcnt=\count303
\FPOScnt=\count304
\LTleft=\skip71
\LTright=\skip72
\LTleft=\skip73
\LTright=\skip74
\flrow@types=\toks27
)
(/usr/local/texlive/2022/texmf-dist/tex/latex/placeins/placeins.sty
Package: placeins 2005/04/18  v 2.2
)
Package translations Info: No language package found. I am going to use `englis
h' as default language. on input line 20.

(./2022_08_HypothesisModels.aux)
\openout1 = `2022_08_HypothesisModels.aux'.

LaTeX Font Info:    Checking defaults for OML/cmm/m/it on input line 20.
LaTeX Font Info:    ... okay on input line 20.
LaTeX Font Info:    Checking defaults for OMS/cmsy/m/n on input line 20.
LaTeX Font Info:    ... okay on input line 20.
LaTeX Font Info:    Checking defaults for OT1/cmr/m/n on input line 20.
LaTeX Font Info:    ... okay on input line 20.
LaTeX Font Info:    Checking defaults for T1/cmr/m/n on input line 20.
LaTeX Font Info:    ... okay on input line 20.
LaTeX Font Info:    Checking defaults for TS1/cmr/m/n on input line 20.
LaTeX Font Info:    ... okay on input line 20.
LaTeX Font Info:    Checking defaults for OMX/cmex/m/n on input line 20.
LaTeX Font Info:    ... okay on input line 20.
LaTeX Font Info:    Checking defaults for U/cmr/m/n on input line 20.
LaTeX Font Info:    ... okay on input line 20.

(/usr/local/texlive/2022/texmf-dist/tex/context/base/mkii/supp-pdf.mkii
[Loading MPS to PDF converter (version 2006.09.02).]
\scratchcounter=\count305
\scratchdimen=\dimen193
\scratchbox=\box70
\nofMPsegments=\count306
\nofMParguments=\count307
\everyMPshowfont=\toks28
\MPscratchCnt=\count308
\MPscratchDim=\dimen194
\MPnumerator=\count309
\makeMPintoPDFobject=\count310
\everyMPtoPDFconversion=\toks29
) (/usr/local/texlive/2022/texmf-dist/tex/latex/epstopdf-pkg/epstopdf-base.sty
Package: epstopdf-base 2020-01-24 v2.11 Base part for package epstopdf

(/usr/local/texlive/2022/texmf-dist/tex/latex/grfext/grfext.sty
Package: grfext 2019/12/03 v1.3 Manage graphics extensions (HO)

(/usr/local/texlive/2022/texmf-dist/tex/generic/kvdefinekeys/kvdefinekeys.sty
Package: kvdefinekeys 2019-12-19 v1.6 Define keys (HO)
))
Package epstopdf-base Info: Redefining graphics rule for `.eps' on input line 4
85.
Package grfext Info: Graphics extension search list:
(grfext)             [.pdf,.png,.jpg,.mps,.jpeg,.jbig2,.jb2,.PDF,.PNG,.JPG,.JPE
G,.JBIG2,.JB2,.eps]
(grfext)             \AppendGraphicsExtensions on input line 504.
(/usr/local/texlive/2022/texmf-dist/tex/latex/latexconfig/epstopdf-sys.cfg
File: epstopdf-sys.cfg 2010/07/13 v1.3 Configuration of (r)epstopdf for TeX Liv
e
))
*geometry* driver: auto-detecting
*geometry* detected driver: pdftex
*geometry* verbose mode - [ preamble ] result:
* pass: disregarded the geometry package!
* \paperwidth=614.295pt
* \paperheight=794.96999pt
* \textwidth=345.0pt
* \textheight=550.0pt
* \oddsidemargin=62.0pt
* \evensidemargin=62.0pt
* \topmargin=16.0pt
* \headheight=12.0pt
* \headsep=25.0pt
* \topskip=10.0pt
* \footskip=30.0pt
* \marginparwidth=65.0pt
* \marginparsep=11.0pt
* \columnsep=10.0pt
* \skip\footins=9.0pt plus 4.0pt minus 2.0pt
* \hoffset=0.0pt
* \voffset=0.0pt
* \mag=1000
* \@twocolumnfalse
* \@twosidefalse
* \@mparswitchfalse
* \@reversemarginfalse
* (1in=72.27pt=25.4mm, 1cm=28.453pt)

(/usr/local/texlive/2022/texmf-dist/tex/latex/graphics/color.sty
Package: color 2021/12/07 v1.3c Standard LaTeX Color (DPC)

(/usr/local/texlive/2022/texmf-dist/tex/latex/graphics-cfg/color.cfg
File: color.cfg 2016/01/02 v1.6 sample color configuration
)
Package color Info: Driver file: pdftex.def on input line 149.
)
(/usr/local/texlive/2022/texmf-dist/tex/latex/translations/translations-basic-d
ictionary-english.trsl
File: translations-basic-dictionary-english.trsl (english translation file `tra
nslations-basic-dictionary')
)
Package translations Info: loading dictionary `translations-basic-dictionary' f
or `english'. on input line 20.
Package caption Info: Begin \AtBeginDocument code.
Package caption Info: End \AtBeginDocument code.

(/usr/local/texlive/2022/texmf-dist/tex/latex/floatrow/fr-longtable.sty
Package: fr-longtable 2007/11/28 v0.1b (beta) floatrow: additions for longtable

\flrow@LT@lasthead=\box71
\flrow@LT@prelastfoot=\box72
\c@FBLTpage=\count311
)
[1

{/usr/local/texlive/2022/texmf-var/fonts/map/pdftex/updmap/pdftex.map}]
(./2022_08_HypothesisModels.toc)
\tf@toc=\write3
\openout3 = `2022_08_HypothesisModels.toc'.

 [1

]
Chapter 1.

Overfull \hbox (81.79239pt too wide) in paragraph at lines 34--121
 [][] 
 []


Overfull \hbox (57.94539pt too wide) in paragraph at lines 128--136
 [][] 
 []


Overfull \hbox (57.94539pt too wide) in paragraph at lines 145--153
 [][] 
 []

[2

] [3]
Overfull \hbox (81.78137pt too wide) in paragraph at lines 166--223
 [][] 
 []


Overfull \hbox (57.94539pt too wide) in paragraph at lines 230--238
 [][] 
 []


Overfull \hbox (57.94539pt too wide) in paragraph at lines 245--253
 [][] 
 []

[4]
Overfull \hbox (81.78137pt too wide) in paragraph at lines 262--325
 [][] 
 []


Overfull \hbox (62.9454pt too wide) in paragraph at lines 331--339
 [][] 
 []


Overfull \hbox (62.9454pt too wide) in paragraph at lines 346--354
 [][] 
 []

[5]
Overfull \hbox (81.79291pt too wide) in paragraph at lines 364--451
 [][] 
 []


Overfull \hbox (59.94536pt too wide) in paragraph at lines 458--466
 [][] 
 []


Overfull \hbox (62.9454pt too wide) in paragraph at lines 473--481
 [][] 
 []

[6


] [7]
Overfull \hbox (81.77966pt too wide) in paragraph at lines 489--564
 [][] 
 []


Overfull \hbox (59.94536pt too wide) in paragraph at lines 570--578
 [][] 
 []


Overfull \hbox (59.94536pt too wide) in paragraph at lines 586--594
 [][] 
 []

[8] [9]
Overfull \hbox (81.79756pt too wide) in paragraph at lines 604--655
 [][] 
 []


Overfull \hbox (59.94536pt too wide) in paragraph at lines 661--669
 [][] 
 []


Overfull \hbox (59.94536pt too wide) in paragraph at lines 676--684
 [][] 
 []

[10]
Overfull \hbox (81.78079pt too wide) in paragraph at lines 694--787
 [][] 
 []


Overfull \hbox (59.94536pt too wide) in paragraph at lines 794--802
 [][] 
 []


Overfull \hbox (59.94536pt too wide) in paragraph at lines 809--817
 [][] 
 []


Overfull \hbox (59.94536pt too wide) in paragraph at lines 824--832
 [][] 
 []


Overfull \hbox (59.94536pt too wide) in paragraph at lines 839--847
 [][] 
 []

[11


] [12] [13]
Overfull \hbox (81.785pt too wide) in paragraph at lines 854--932
 [][] 
 []


Overfull \hbox (59.94536pt too wide) in paragraph at lines 939--947
 [][] 
 []


Overfull \hbox (59.94536pt too wide) in paragraph at lines 954--962
 [][] 
 []


Overfull \hbox (59.94536pt too wide) in paragraph at lines 969--977
 [][] 
 []


Overfull \hbox (59.94536pt too wide) in paragraph at lines 984--992
 [][] 
 []

[14

] [15] [16]
Overfull \hbox (81.77985pt too wide) in paragraph at lines 1000--1054
 [][] 
 []


Overfull \hbox (59.94536pt too wide) in paragraph at lines 1061--1069
 [][] 
 []


Overfull \hbox (59.94536pt too wide) in paragraph at lines 1076--1084
 [][] 
 []


Overfull \hbox (59.94536pt too wide) in paragraph at lines 1091--1099
 [][] 
 []


Overfull \hbox (59.94536pt too wide) in paragraph at lines 1106--1114
 [][] 
 []

[17

] [18]

LaTeX Warning: Float too large for page by 9.5132pt on input line 1266.

[19

] [20]
Overfull \hbox (24.8791pt too wide) in paragraph at lines 1276--1411
 [][] 
 []


Overfull \hbox (54.94534pt too wide) in paragraph at lines 1418--1426
 [][] 
 []


Overfull \hbox (54.94534pt too wide) in paragraph at lines 1434--1442
 [][] 
 []

[21] [22]
Overfull \hbox (81.78358pt too wide) in paragraph at lines 1451--1571
 [][] 
 []


Overfull \hbox (54.94534pt too wide) in paragraph at lines 1578--1586
 [][] 
 []


Overfull \hbox (54.94534pt too wide) in paragraph at lines 1593--1601
 [][] 
 []

[23] [24]
Overfull \hbox (81.779pt too wide) in paragraph at lines 1609--1681
 [][] 
 []


Overfull \hbox (54.94534pt too wide) in paragraph at lines 1688--1696
 [][] 
 []


Overfull \hbox (54.94534pt too wide) in paragraph at lines 1703--1711
 [][] 
 []

[25] [26

] [27]
Overfull \hbox (54.94534pt too wide) in paragraph at lines 1863--1871
 [][] 
 []


Overfull \hbox (54.94534pt too wide) in paragraph at lines 1878--1886
 [][] 
 []

[28]
Chapter 2.

Overfull \hbox (57.94539pt too wide) in paragraph at lines 2089--2097
 [][] 
 []


Overfull \hbox (57.94539pt too wide) in paragraph at lines 2104--2112
 [][] 
 []

[29

] [30]
Overfull \hbox (57.94539pt too wide) in paragraph at lines 2302--2310
 [][] 
 []

[31] [32] [33]
Overfull \hbox (57.94539pt too wide) in paragraph at lines 2436--2444
 [][] 
 []


Overfull \hbox (57.94539pt too wide) in paragraph at lines 2451--2459
 [][] 
 []

[34]
Overfull \hbox (59.94536pt too wide) in paragraph at lines 2659--2667
 [][] 
 []


Overfull \hbox (59.94536pt too wide) in paragraph at lines 2675--2683
 [][] 
 []

[35


] [36]
Overfull \hbox (59.94536pt too wide) in paragraph at lines 2868--2876
 [][] 
 []


Overfull \hbox (59.94536pt too wide) in paragraph at lines 2883--2891
 [][] 
 []

[37] [38] [39]
Overfull \hbox (59.94536pt too wide) in paragraph at lines 3003--3011
 [][] 
 []


Overfull \hbox (59.94536pt too wide) in paragraph at lines 3018--3026
 [][] 
 []

[40]
Overfull \hbox (59.94536pt too wide) in paragraph at lines 3234--3242
 [][] 
 []


Overfull \hbox (59.94536pt too wide) in paragraph at lines 3249--3257
 [][] 
 []


Overfull \hbox (59.94536pt too wide) in paragraph at lines 3264--3272
 [][] 
 []


Overfull \hbox (59.94536pt too wide) in paragraph at lines 3279--3287
 [][] 
 []

[41


] [42] [43]
Overfull \hbox (59.94536pt too wide) in paragraph at lines 3492--3500
 [][] 
 []


Overfull \hbox (59.94536pt too wide) in paragraph at lines 3507--3515
 [][] 
 []


Overfull \hbox (59.94536pt too wide) in paragraph at lines 3522--3530
 [][] 
 []


Overfull \hbox (59.94536pt too wide) in paragraph at lines 3537--3545
 [][] 
 []

[44

] [45] [46]
Overfull \hbox (59.94536pt too wide) in paragraph at lines 3661--3669
 [][] 
 []


Overfull \hbox (59.94536pt too wide) in paragraph at lines 3676--3684
 [][] 
 []


Overfull \hbox (59.94536pt too wide) in paragraph at lines 3691--3699
 [][] 
 []


Overfull \hbox (59.94536pt too wide) in paragraph at lines 3706--3714
 [][] 
 []

[47

] [48] [49

] [50]
Overfull \hbox (59.94536pt too wide) in paragraph at lines 4448--4456
 [][] 
 []


Overfull \hbox (59.94536pt too wide) in paragraph at lines 4464--4472
 [][] 
 []

[51] [52]
Overfull \hbox (54.94534pt too wide) in paragraph at lines 4799--4807
 [][] 
 []


Overfull \hbox (54.94534pt too wide) in paragraph at lines 4814--4822
 [][] 
 []

[53] [54]
Overfull \hbox (54.94534pt too wide) in paragraph at lines 5003--5011
 [][] 
 []


Overfull \hbox (54.94534pt too wide) in paragraph at lines 5019--5027
 [][] 
 []

[55]
Overfull \hbox (59.94536pt too wide) in paragraph at lines 5370--5378
 [][] 
 []


Overfull \hbox (59.94536pt too wide) in paragraph at lines 5386--5394
 [][] 
 []

[56


] [57] [58]
Chapter 3.

Overfull \hbox (57.94539pt too wide) in paragraph at lines 5549--5557
 [][] 
 []


Overfull \hbox (57.94539pt too wide) in paragraph at lines 5564--5572
 [][] 
 []

[59

] [60]
Overfull \hbox (57.94539pt too wide) in paragraph at lines 5718--5726
 [][] 
 []


Overfull \hbox (54.94534pt too wide) in paragraph at lines 5733--5741
 [][] 
 []

[61] [62]
Overfull \hbox (57.94539pt too wide) in paragraph at lines 5840--5848
 [][] 
 []


Overfull \hbox (62.9454pt too wide) in paragraph at lines 5855--5863
 [][] 
 []

[63]
Overfull \hbox (59.94536pt too wide) in paragraph at lines 6015--6023
 [][] 
 []


Overfull \hbox (59.94536pt too wide) in paragraph at lines 6031--6039
 [][] 
 []

[64


] [65]
Overfull \hbox (59.94536pt too wide) in paragraph at lines 6175--6183
 [][] 
 []


Overfull \hbox (59.94536pt too wide) in paragraph at lines 6190--6198
 [][] 
 []

[66] [67]
Overfull \hbox (59.94536pt too wide) in paragraph at lines 6287--6295
 [][] 
 []


Overfull \hbox (59.94536pt too wide) in paragraph at lines 6302--6310
 [][] 
 []

[68]
Overfull \hbox (59.94536pt too wide) in paragraph at lines 6467--6475
 [][] 
 []


Overfull \hbox (59.94536pt too wide) in paragraph at lines 6482--6490
 [][] 
 []


Overfull \hbox (59.94536pt too wide) in paragraph at lines 6497--6505
 [][] 
 []


Overfull \hbox (59.94536pt too wide) in paragraph at lines 6512--6520
 [][] 
 []

[69


] [70] [71]
Overfull \hbox (59.94536pt too wide) in paragraph at lines 6661--6669
 [][] 
 []


Overfull \hbox (59.94536pt too wide) in paragraph at lines 6676--6684
 [][] 
 []


Overfull \hbox (59.94536pt too wide) in paragraph at lines 6691--6699
 [][] 
 []


Overfull \hbox (59.94536pt too wide) in paragraph at lines 6706--6714
 [][] 
 []

[72

] [73] [74]
Overfull \hbox (59.94536pt too wide) in paragraph at lines 6814--6822
 [][] 
 []


Overfull \hbox (59.94536pt too wide) in paragraph at lines 6829--6837
 [][] 
 []


Overfull \hbox (59.94536pt too wide) in paragraph at lines 6844--6852
 [][] 
 []


Overfull \hbox (59.94536pt too wide) in paragraph at lines 6859--6867
 [][] 
 []

[75

] [76] [77

] [78]

LaTeX Warning: Float too large for page by 11.3493pt on input line 7384.

[79] [80]
Overfull \hbox (54.94534pt too wide) in paragraph at lines 7390--7398
 [][] 
 []


Overfull \hbox (54.94534pt too wide) in paragraph at lines 7406--7414
 [][] 
 []


Overfull \hbox (54.94534pt too wide) in paragraph at lines 7646--7654
 [][] 
 []


Overfull \hbox (54.94534pt too wide) in paragraph at lines 7661--7669
 [][] 
 []

[81] [82]
Overfull \hbox (54.94534pt too wide) in paragraph at lines 7802--7810
 [][] 
 []


Overfull \hbox (54.94534pt too wide) in paragraph at lines 7817--7825
 [][] 
 []

[83] [84]
Overfull \hbox (54.94534pt too wide) in paragraph at lines 8074--8082
 [][] 
 []


Overfull \hbox (54.94534pt too wide) in paragraph at lines 8090--8098
 [][] 
 []

[85

] [86] [87] (./2022_08_HypothesisModels.aux) ) 
Here is how much of TeX's memory you used:
 9075 strings out of 478268
 202551 string characters out of 5846347
 928051 words of memory out of 5000000
 27181 multiletter control sequences out of 15000+600000
 475547 words of font info for 50 fonts, out of 8000000 for 9000
 1141 hyphenation exceptions out of 8191
 71i,10n,79p,501b,512s stack positions out of 10000i,1000n,20000p,200000b,200000s
</usr/local/texlive/2022/texmf-di
st/fonts/type1/public/amsfonts/cm/cmbx10.pfb></usr/local/texlive/2022/texmf-dis
t/fonts/type1/public/amsfonts/cm/cmbx12.pfb></usr/local/texlive/2022/texmf-dist
/fonts/type1/public/amsfonts/cm/cmmi10.pfb></usr/local/texlive/2022/texmf-dist/
fonts/type1/public/amsfonts/cm/cmr10.pfb></usr/local/texlive/2022/texmf-dist/fo
nts/type1/public/amsfonts/cm/cmr12.pfb></usr/local/texlive/2022/texmf-dist/font
s/type1/public/amsfonts/cm/cmr17.pfb></usr/local/texlive/2022/texmf-dist/fonts/
type1/public/amsfonts/cm/cmsy10.pfb>
Output written on 2022_08_HypothesisModels.pdf (88 pages, 566165 bytes).
PDF statistics:
 324 PDF objects out of 1000 (max. 8388607)
 217 compressed objects within 3 object streams
 0 named destinations out of 1000 (max. 500000)
 1 words of extra memory for PDF output out of 10000 (max. 10000000)

