This is pdfTeX, Version 3.141592653-2.6-1.40.24 (TeX Live 2022) (preloaded format=pdflatex 2022.5.13)  16 AUG 2022 13:51
entering extended mode
 restricted \write18 enabled.
 %&-line parsing enabled.
**2022_07_mixedmodels_Scenario.tex
(./2022_07_mixedmodels_Scenario.tex
LaTeX2e <2021-11-15> patch level 1
L3 programming layer <2022-02-24>
(/usr/local/texlive/2022/texmf-dist/tex/latex/base/report.cls
Document Class: report 2021/10/04 v1.4n Standard LaTeX document class
(/usr/local/texlive/2022/texmf-dist/tex/latex/base/size10.clo
File: size10.clo 2021/10/04 v1.4n Standard LaTeX file (size option)
)
\c@part=\count185
\c@chapter=\count186
\c@section=\count187
\c@subsection=\count188
\c@subsubsection=\count189
\c@paragraph=\count190
\c@subparagraph=\count191
\c@figure=\count192
\c@table=\count193
\abovecaptionskip=\skip47
\belowcaptionskip=\skip48
\bibindent=\dimen138
)
(/usr/local/texlive/2022/texmf-dist/tex/latex/graphics/lscape.sty
Package: lscape 2020/05/28 v3.02 Landscape Pages (DPC)

(/usr/local/texlive/2022/texmf-dist/tex/latex/graphics/graphics.sty
Package: graphics 2021/03/04 v1.4d Standard LaTeX Graphics (DPC,SPQR)

(/usr/local/texlive/2022/texmf-dist/tex/latex/graphics/trig.sty
Package: trig 2021/08/11 v1.11 sin cos tan (DPC)
)
(/usr/local/texlive/2022/texmf-dist/tex/latex/graphics-cfg/graphics.cfg
File: graphics.cfg 2016/06/04 v1.11 sample graphics configuration
)
Package graphics Info: Driver file: pdftex.def on input line 107.

(/usr/local/texlive/2022/texmf-dist/tex/latex/graphics-def/pdftex.def
File: pdftex.def 2020/10/05 v1.2a Graphics/color driver for pdftex
)))
(/usr/local/texlive/2022/texmf-dist/tex/latex/tablefootnote/tablefootnote.sty
Package: tablefootnote 2014/01/26 v1.1c Table foot notes (HMM)

(/usr/local/texlive/2022/texmf-dist/tex/generic/ltxcmds/ltxcmds.sty
Package: ltxcmds 2020-05-10 v1.25 LaTeX kernel commands for general use (HO)
)
(/usr/local/texlive/2022/texmf-dist/tex/latex/letltxmacro/letltxmacro.sty
Package: letltxmacro 2019/12/03 v1.6 Let assignment for LaTeX macros (HO)
)
(/usr/local/texlive/2022/texmf-dist/tex/latex/xifthen/xifthen.sty
Package: xifthen 2015/11/05 v1.4.0 Extended ifthen features

(/usr/local/texlive/2022/texmf-dist/tex/latex/tools/calc.sty
Package: calc 2017/05/25 v4.3 Infix arithmetic (KKT,FJ)
\calc@Acount=\count194
\calc@Bcount=\count195
\calc@Adimen=\dimen139
\calc@Bdimen=\dimen140
\calc@Askip=\skip49
\calc@Bskip=\skip50
LaTeX Info: Redefining \setlength on input line 80.
LaTeX Info: Redefining \addtolength on input line 81.
\calc@Ccount=\count196
\calc@Cskip=\skip51
)
(/usr/local/texlive/2022/texmf-dist/tex/latex/base/ifthen.sty
Package: ifthen 2020/11/24 v1.1c Standard LaTeX ifthen package (DPC)
)
(/usr/local/texlive/2022/texmf-dist/tex/latex/ifmtarg/ifmtarg.sty
Package: ifmtarg 2018/04/16 v1.2b check for an empty argument
))
(/usr/local/texlive/2022/texmf-dist/tex/latex/etoolbox/etoolbox.sty
Package: etoolbox 2020/10/05 v2.5k e-TeX tools for LaTeX (JAW)
\etb@tempcnta=\count197
))
(/usr/local/texlive/2022/texmf-dist/tex/latex/geometry/geometry.sty
Package: geometry 2020/01/02 v5.9 Page Geometry

(/usr/local/texlive/2022/texmf-dist/tex/latex/graphics/keyval.sty
Package: keyval 2014/10/28 v1.15 key=value parser (DPC)
\KV@toks@=\toks16
)
(/usr/local/texlive/2022/texmf-dist/tex/generic/iftex/ifvtex.sty
Package: ifvtex 2019/10/25 v1.7 ifvtex legacy package. Use iftex instead.

(/usr/local/texlive/2022/texmf-dist/tex/generic/iftex/iftex.sty
Package: iftex 2022/02/03 v1.0f TeX engine tests
))
\Gm@cnth=\count198
\Gm@cntv=\count199
\c@Gm@tempcnt=\count266
\Gm@bindingoffset=\dimen141
\Gm@wd@mp=\dimen142
\Gm@odd@mp=\dimen143
\Gm@even@mp=\dimen144
\Gm@layoutwidth=\dimen145
\Gm@layoutheight=\dimen146
\Gm@layouthoffset=\dimen147
\Gm@layoutvoffset=\dimen148
\Gm@dimlist=\toks17
)
(/usr/local/texlive/2022/texmf-dist/tex/latex/booktabs/booktabs.sty
Package: booktabs 2020/01/12 v1.61803398 Publication quality tables
\heavyrulewidth=\dimen149
\lightrulewidth=\dimen150
\cmidrulewidth=\dimen151
\belowrulesep=\dimen152
\belowbottomsep=\dimen153
\aboverulesep=\dimen154
\abovetopsep=\dimen155
\cmidrulesep=\dimen156
\cmidrulekern=\dimen157
\defaultaddspace=\dimen158
\@cmidla=\count267
\@cmidlb=\count268
\@aboverulesep=\dimen159
\@belowrulesep=\dimen160
\@thisruleclass=\count269
\@lastruleclass=\count270
\@thisrulewidth=\dimen161
)
(/usr/local/texlive/2022/texmf-dist/tex/latex/oberdiek/resizegather.sty
Package: resizegather 2016/05/16 v1.3 Resize overly large equations (HO)

(/usr/local/texlive/2022/texmf-dist/tex/latex/kvoptions/kvoptions.sty
Package: kvoptions 2020-10-07 v3.14 Key value format for package options (HO)

(/usr/local/texlive/2022/texmf-dist/tex/generic/kvsetkeys/kvsetkeys.sty
Package: kvsetkeys 2019/12/15 v1.18 Key value parser (HO)
))
(/usr/local/texlive/2022/texmf-dist/tex/latex/amsmath/amsmath.sty
Package: amsmath 2021/10/15 v2.17l AMS math features
\@mathmargin=\skip52

For additional information on amsmath, use the `?' option.
(/usr/local/texlive/2022/texmf-dist/tex/latex/amsmath/amstext.sty
Package: amstext 2021/08/26 v2.01 AMS text

(/usr/local/texlive/2022/texmf-dist/tex/latex/amsmath/amsgen.sty
File: amsgen.sty 1999/11/30 v2.0 generic functions
\@emptytoks=\toks18
\ex@=\dimen162
))
(/usr/local/texlive/2022/texmf-dist/tex/latex/amsmath/amsbsy.sty
Package: amsbsy 1999/11/29 v1.2d Bold Symbols
\pmbraise@=\dimen163
)
(/usr/local/texlive/2022/texmf-dist/tex/latex/amsmath/amsopn.sty
Package: amsopn 2021/08/26 v2.02 operator names
)
\inf@bad=\count271
LaTeX Info: Redefining \frac on input line 234.
\uproot@=\count272
\leftroot@=\count273
LaTeX Info: Redefining \overline on input line 399.
\classnum@=\count274
\DOTSCASE@=\count275
LaTeX Info: Redefining \ldots on input line 496.
LaTeX Info: Redefining \dots on input line 499.
LaTeX Info: Redefining \cdots on input line 620.
\Mathstrutbox@=\box50
\strutbox@=\box51
\big@size=\dimen164
LaTeX Font Info:    Redeclaring font encoding OML on input line 743.
LaTeX Font Info:    Redeclaring font encoding OMS on input line 744.
\macc@depth=\count276
\c@MaxMatrixCols=\count277
\dotsspace@=\muskip16
\c@parentequation=\count278
\dspbrk@lvl=\count279
\tag@help=\toks19
\row@=\count280
\column@=\count281
\maxfields@=\count282
\andhelp@=\toks20
\eqnshift@=\dimen165
\alignsep@=\dimen166
\tagshift@=\dimen167
\tagwidth@=\dimen168
\totwidth@=\dimen169
\lineht@=\dimen170
\@envbody=\toks21
\multlinegap=\skip53
\multlinetaggap=\skip54
\mathdisplay@stack=\toks22
LaTeX Info: Redefining \[ on input line 2938.
LaTeX Info: Redefining \] on input line 2939.
))
(/usr/local/texlive/2022/texmf-dist/tex/latex/tools/longtable.sty
Package: longtable 2021-09-01 v4.17 Multi-page Table package (DPC)
\LTleft=\skip55
\LTright=\skip56
\LTpre=\skip57
\LTpost=\skip58
\LTchunksize=\count283
\LTcapwidth=\dimen171
\LT@head=\box52
\LT@firsthead=\box53
\LT@foot=\box54
\LT@lastfoot=\box55
\LT@gbox=\box56
\LT@cols=\count284
\LT@rows=\count285
\c@LT@tables=\count286
\c@LT@chunks=\count287
\LT@p@ftn=\toks23
)
(/usr/local/texlive/2022/texmf-dist/tex/latex/siunitx/siunitx.sty
Package: siunitx 2022-02-15 v3.0.49 A comprehensive (SI) units package
\l__siunitx_angle_tmp_dim=\dimen172
\l__siunitx_angle_marker_box=\box57
\l__siunitx_angle_unit_box=\box58
\l__siunitx_compound_count_int=\count288

(/usr/local/texlive/2022/texmf-dist/tex/latex/translations/translations.sty
Package: translations 2022/02/05 v1.12 internationalization of LaTeX2e packages
 (CN)

(/usr/local/texlive/2022/texmf-dist/tex/generic/pdftexcmds/pdftexcmds.sty
Package: pdftexcmds 2020-06-27 v0.33 Utility functions of pdfTeX for LuaTeX (HO
)

(/usr/local/texlive/2022/texmf-dist/tex/generic/infwarerr/infwarerr.sty
Package: infwarerr 2019/12/03 v1.5 Providing info/warning/error messages (HO)
)
Package pdftexcmds Info: \pdf@primitive is available.
Package pdftexcmds Info: \pdf@ifprimitive is available.
Package pdftexcmds Info: \pdfdraftmode found.
))
\l__siunitx_number_exponent_fixed_int=\count289
\l__siunitx_number_min_decimal_int=\count290
\l__siunitx_number_min_integer_int=\count291
\l__siunitx_number_round_precision_int=\count292
\l__siunitx_number_group_minimum_int=\count293
\l__siunitx_table_tmp_box=\box59
\l__siunitx_table_tmp_dim=\dimen173
\l__siunitx_table_column_width_dim=\dimen174
\l__siunitx_table_integer_box=\box60
\l__siunitx_table_decimal_box=\box61
\l__siunitx_table_before_box=\box62
\l__siunitx_table_after_box=\box63
\l__siunitx_table_before_dim=\dimen175
\l__siunitx_table_carry_dim=\dimen176
\l__siunitx_unit_tmp_int=\count294
\l__siunitx_unit_position_int=\count295
\l__siunitx_unit_total_int=\count296

(/usr/local/texlive/2022/texmf-dist/tex/latex/l3packages/l3keys2e/l3keys2e.sty
(/usr/local/texlive/2022/texmf-dist/tex/latex/l3kernel/expl3.sty
Package: expl3 2022-02-24 L3 programming layer (loader) 

(/usr/local/texlive/2022/texmf-dist/tex/latex/l3backend/l3backend-pdftex.def
File: l3backend-pdftex.def 2022-02-07 L3 backend support: PDF output (pdfTeX)
\l__color_backend_stack_int=\count297
\l__pdf_internal_box=\box64
))
Package: l3keys2e 2022-01-12 LaTeX2e option processing using LaTeX3 keys
) (/usr/local/texlive/2022/texmf-dist/tex/latex/tools/array.sty
Package: array 2021/10/04 v2.5f Tabular extension package (FMi)
\col@sep=\dimen177
\ar@mcellbox=\box65
\extrarowheight=\dimen178
\NC@list=\toks24
\extratabsurround=\skip59
\backup@length=\skip60
\ar@cellbox=\box66
))
(/usr/local/texlive/2022/texmf-dist/tex/latex/graphics/graphicx.sty
Package: graphicx 2021/09/16 v1.2d Enhanced LaTeX Graphics (DPC,SPQR)
\Gin@req@height=\dimen179
\Gin@req@width=\dimen180
)
Package translations Info: No language package found. I am going to use `englis
h' as default language. on input line 18.

(./2022_07_mixedmodels_Scenario.aux)
\openout1 = `2022_07_mixedmodels_Scenario.aux'.

LaTeX Font Info:    Checking defaults for OML/cmm/m/it on input line 18.
LaTeX Font Info:    ... okay on input line 18.
LaTeX Font Info:    Checking defaults for OMS/cmsy/m/n on input line 18.
LaTeX Font Info:    ... okay on input line 18.
LaTeX Font Info:    Checking defaults for OT1/cmr/m/n on input line 18.
LaTeX Font Info:    ... okay on input line 18.
LaTeX Font Info:    Checking defaults for T1/cmr/m/n on input line 18.
LaTeX Font Info:    ... okay on input line 18.
LaTeX Font Info:    Checking defaults for TS1/cmr/m/n on input line 18.
LaTeX Font Info:    ... okay on input line 18.
LaTeX Font Info:    Checking defaults for OMX/cmex/m/n on input line 18.
LaTeX Font Info:    ... okay on input line 18.
LaTeX Font Info:    Checking defaults for U/cmr/m/n on input line 18.
LaTeX Font Info:    ... okay on input line 18.

(/usr/local/texlive/2022/texmf-dist/tex/context/base/mkii/supp-pdf.mkii
[Loading MPS to PDF converter (version 2006.09.02).]
\scratchcounter=\count298
\scratchdimen=\dimen181
\scratchbox=\box67
\nofMPsegments=\count299
\nofMParguments=\count300
\everyMPshowfont=\toks25
\MPscratchCnt=\count301
\MPscratchDim=\dimen182
\MPnumerator=\count302
\makeMPintoPDFobject=\count303
\everyMPtoPDFconversion=\toks26
) (/usr/local/texlive/2022/texmf-dist/tex/latex/epstopdf-pkg/epstopdf-base.sty
Package: epstopdf-base 2020-01-24 v2.11 Base part for package epstopdf
Package epstopdf-base Info: Redefining graphics rule for `.eps' on input line 4
85.

(/usr/local/texlive/2022/texmf-dist/tex/latex/latexconfig/epstopdf-sys.cfg
File: epstopdf-sys.cfg 2010/07/13 v1.3 Configuration of (r)epstopdf for TeX Liv
e
))
*geometry* driver: auto-detecting
*geometry* detected driver: pdftex
*geometry* verbose mode - [ preamble ] result:
* pass: disregarded the geometry package!
* \paperwidth=614.295pt
* \paperheight=794.96999pt
* \textwidth=345.0pt
* \textheight=550.0pt
* \oddsidemargin=62.0pt
* \evensidemargin=62.0pt
* \topmargin=16.0pt
* \headheight=12.0pt
* \headsep=25.0pt
* \topskip=10.0pt
* \footskip=30.0pt
* \marginparwidth=65.0pt
* \marginparsep=11.0pt
* \columnsep=10.0pt
* \skip\footins=9.0pt plus 4.0pt minus 2.0pt
* \hoffset=0.0pt
* \voffset=0.0pt
* \mag=1000
* \@twocolumnfalse
* \@twosidefalse
* \@mparswitchfalse
* \@reversemarginfalse
* (1in=72.27pt=25.4mm, 1cm=28.453pt)

(/usr/local/texlive/2022/texmf-dist/tex/latex/graphics/color.sty
Package: color 2021/12/07 v1.3c Standard LaTeX Color (DPC)

(/usr/local/texlive/2022/texmf-dist/tex/latex/graphics-cfg/color.cfg
File: color.cfg 2016/01/02 v1.6 sample color configuration
)
Package color Info: Driver file: pdftex.def on input line 149.
)
(/usr/local/texlive/2022/texmf-dist/tex/latex/translations/translations-basic-d
ictionary-english.trsl
File: translations-basic-dictionary-english.trsl (english translation file `tra
nslations-basic-dictionary')
)
Package translations Info: loading dictionary `translations-basic-dictionary' f
or `english'. on input line 18.
 [1

{/usr/local/texlive/2022/texmf-var/fonts/map/pdftex/updmap/pdftex.map}] (./2022
_07_mixedmodels_Scenario.toc [1

])
\tf@toc=\write3
\openout3 = `2022_07_mixedmodels_Scenario.toc'.

 [2] [3

]
Overfull \hbox (81.79239pt too wide) in paragraph at lines 35--122
 [][] 
 []


Overfull \hbox (81.78137pt too wide) in paragraph at lines 130--187
 [][] 
 []


Overfull \hbox (81.78137pt too wide) in paragraph at lines 195--258
 [][] 
 []


Overfull \hbox (81.79291pt too wide) in paragraph at lines 269--356
 [][] 
 []


Overfull \hbox (81.77966pt too wide) in paragraph at lines 366--441
 [][] 
 []


Overfull \hbox (81.79756pt too wide) in paragraph at lines 453--504
 [][] 
 []


Overfull \hbox (81.78079pt too wide) in paragraph at lines 513--606
 [][] 
 []


Overfull \hbox (81.785pt too wide) in paragraph at lines 614--692
 [][] 
 []


Overfull \hbox (81.77985pt too wide) in paragraph at lines 699--753
 [][] 
 []


LaTeX Warning: Float too large for page by 21.5132pt on input line 903.


Overfull \hbox (24.8791pt too wide) in paragraph at lines 913--1048
 [][] 
 []


Overfull \hbox (81.78358pt too wide) in paragraph at lines 1055--1175
 [][] 
 []


Overfull \hbox (81.779pt too wide) in paragraph at lines 1183--1255
 [][] 
 []


LaTeX Warning: Float too large for page by 776.99496pt on input line 3271.


LaTeX Warning: Float too large for page by 315.5605pt on input line 3608.


LaTeX Warning: Float too large for page by 270.38918pt on input line 3925.


Overfull \hbox (1009.49783pt too wide) in paragraph at lines 3932--4098
 [][] 
 []


LaTeX Warning: Float too large for page by 1419.90695pt on input line 4098.


LaTeX Warning: Float too large for page by 315.5605pt on input line 4435.


LaTeX Warning: Float too large for page by 394.26999pt on input line 5817.


LaTeX Warning: Float too large for page by 83.84329pt on input line 6063.


LaTeX Warning: Float too large for page by 39.05463pt on input line 6285.

[4] [5] [6] [7] [8] [9] [10] [11] [12] [13] [14] [15] [16] [17] [18] [19]
[20] [21] [22] [23] [24] [25] [26] [27] [28] [29] [30] [31] [32] [33] [34]
[35] [36] [37] [38] [39] [40] [41] [42] [43] [44] [45

]
Overfull \hbox (81.77924pt too wide) in paragraph at lines 6662--6689
 [][] 
 []


Overfull \hbox (81.78333pt too wide) in paragraph at lines 6696--6715
 [][] 
 []


Overfull \hbox (81.78392pt too wide) in paragraph at lines 6723--6780
 [][] 
 []


Overfull \hbox (81.7844pt too wide) in paragraph at lines 6786--6853
 [][] 
 []


Overfull \hbox (81.79117pt too wide) in paragraph at lines 6860--6911
 [][] 
 []

[46] [47] [48] [49

]
Chapter 1.

Overfull \hbox (25.86186pt too wide) in paragraph at lines 6925--6952
 [][] 
 []

<./graphs/Model/Model01_product.pdf, id=167, 722.7pt x 722.7pt>
File: ./graphs/Model/Model01_product.pdf Graphic file (type pdf)
<use ./graphs/Model/Model01_product.pdf>
Package pdftex.def Info: ./graphs/Model/Model01_product.pdf  used on input line
 6956.
(pdftex.def)             Requested size: 722.69823pt x 722.69823pt.

Overfull \hbox (96.79463pt too wide) in paragraph at lines 6954--6957
[][] 
 []

[50

] [51]
Overfull \hbox (21.94519pt too wide) in paragraph at lines 6964--6991
 [][] 
 []

<./graphs/Model/Model01.2_product.pdf, id=175, 722.7pt x 722.7pt>
File: ./graphs/Model/Model01.2_product.pdf Graphic file (type pdf)
<use ./graphs/Model/Model01.2_product.pdf>
Package pdftex.def Info: ./graphs/Model/Model01.2_product.pdf  used on input li
ne 6995.
(pdftex.def)             Requested size: 722.69823pt x 722.69823pt.

Overfull \hbox (81.79463pt too wide) in paragraph at lines 6993--6996
[] 
 []

[52 <./graphs/Model/Model01_product.pdf>] [53]
Overfull \hbox (81.8101pt too wide) in paragraph at lines 7005--7033
 [][] 
 []


Overfull \hbox (108.8064pt too wide) in paragraph at lines 7041--7077
 [][] 
 []

<./graphs/Model/Model01.4_product.race.pdf, id=187, 722.7pt x 722.7pt>
File: ./graphs/Model/Model01.4_product.race.pdf Graphic file (type pdf)
<use ./graphs/Model/Model01.4_product.race.pdf>
Package pdftex.def Info: ./graphs/Model/Model01.4_product.race.pdf  used on inp
ut line 7082.
(pdftex.def)             Requested size: 722.69823pt x 722.69823pt.

Overfull \hbox (81.79463pt too wide) in paragraph at lines 7080--7083
[] 
 []

[54 <./graphs/Model/Model01.2_product.pdf>]
Overfull \vbox (115.76248pt too high) has occurred while \output is active []


[55 <./graphs/Model/Model01.4_product.race.pdf>] [56]
Chapter 2.
<./graphs/Model/Model02_presentation.pdf, id=208, 722.7pt x 361.35pt>
File: ./graphs/Model/Model02_presentation.pdf Graphic file (type pdf)
<use ./graphs/Model/Model02_presentation.pdf>
Package pdftex.def Info: ./graphs/Model/Model02_presentation.pdf  used on input
 line 7120.
(pdftex.def)             Requested size: 722.69823pt x 361.34912pt.

Overfull \hbox (81.79463pt too wide) in paragraph at lines 7118--7121
[] 
 []


Overfull \hbox (81.80331pt too wide) in paragraph at lines 7125--7148
 [][] 
 []

<./graphs/Model/Model02.1_presentationEXPGRP.pdf, id=209, 722.7pt x 722.7pt>
File: ./graphs/Model/Model02.1_presentationEXPGRP.pdf Graphic file (type pdf)
<use ./graphs/Model/Model02.1_presentationEXPGRP.pdf>
Package pdftex.def Info: ./graphs/Model/Model02.1_presentationEXPGRP.pdf  used 
on input line 7156.
(pdftex.def)             Requested size: 722.69823pt x 722.69823pt.

Overfull \hbox (96.79463pt too wide) in paragraph at lines 7154--7157
[][] 
 []

[57

 <./graphs/Model/Model02_presentation.pdf>] [58]
Overfull \hbox (36.35074pt too wide) in paragraph at lines 7168--7191
 [][] 
 []

<./graphs/Model/Model02.2_presentationself.pdf, id=226, 722.7pt x 361.35pt>
File: ./graphs/Model/Model02.2_presentationself.pdf Graphic file (type pdf)
<use ./graphs/Model/Model02.2_presentationself.pdf>
Package pdftex.def Info: ./graphs/Model/Model02.2_presentationself.pdf  used on
 input line 7195.
(pdftex.def)             Requested size: 722.69823pt x 361.34912pt.

Overfull \hbox (81.79463pt too wide) in paragraph at lines 7193--7196
[] 
 []

[59 <./graphs/Model/Model02.1_presentationEXPGRP.pdf>]
Overfull \hbox (81.79872pt too wide) in paragraph at lines 7205--7230
[][] 
 []


Overfull \hbox (81.78992pt too wide) in paragraph at lines 7236--7287
 [][] 
 []

<./graphs/Model/Model01.4_product.race2.pdf, id=240, 722.7pt x 722.7pt>
File: ./graphs/Model/Model01.4_product.race2.pdf Graphic file (type pdf)
<use ./graphs/Model/Model01.4_product.race2.pdf>
Package pdftex.def Info: ./graphs/Model/Model01.4_product.race2.pdf  used on in
put line 7292.
(pdftex.def)             Requested size: 722.69823pt x 722.69823pt.

Overfull \hbox (81.79463pt too wide) in paragraph at lines 7290--7293
[] 
 []


Overfull \hbox (116.46207pt too wide) in paragraph at lines 7300--7332
 [][] 
 []

[60 <./graphs/Model/Model02.2_presentationself.pdf>]
Overfull \vbox (88.32256pt too high) has occurred while \output is active []


[61 <./graphs/Model/Model01.4_product.race2.pdf>] [62] [63]
Chapter 3.

Overfull \hbox (177.6677pt too wide) in alignment at lines 7337--7389
 [] [] [] [] 
 []

[64

]

LaTeX Warning: Float too large for page by 15.1712pt on input line 7481.

<./graphs/Model/Model03_presentation.product.pdf, id=272, 722.7pt x 939.51pt>
File: ./graphs/Model/Model03_presentation.product.pdf Graphic file (type pdf)
<use ./graphs/Model/Model03_presentation.product.pdf>
Package pdftex.def Info: ./graphs/Model/Model03_presentation.product.pdf  used 
on input line 7485.
(pdftex.def)             Requested size: 722.69823pt x 939.5077pt.

Overfull \hbox (96.79463pt too wide) in paragraph at lines 7483--7486
[][] 
 []


Overfull \hbox (81.79463pt too wide) in paragraph at lines 7492--7585
 [][] 
 []

[65] [66]
<./graphs/Model/Model03.2_presentation.product.EXPGRP.pdf, id=280, 722.7pt x 12
28.59pt>
File: ./graphs/Model/Model03.2_presentation.product.EXPGRP.pdf Graphic file (ty
pe pdf)
<use ./graphs/Model/Model03.2_presentation.product.EXPGRP.pdf>
Package pdftex.def Info: ./graphs/Model/Model03.2_presentation.product.EXPGRP.p
df  used on input line 7590.
(pdftex.def)             Requested size: 722.69823pt x 1228.587pt.
 [67 <./graphs/Model/Model03_presentation.product.pdf>] [68]
Overfull \hbox (137.36768pt too wide) in paragraph at lines 7687--7715
 [][] 
 []

<./graphs/Model/Model03.2_presentation.productself.pdf, id=297, 722.7pt x 939.5
1pt>
File: ./graphs/Model/Model03.2_presentation.productself.pdf Graphic file (type 
pdf)
<use ./graphs/Model/Model03.2_presentation.productself.pdf>
Package pdftex.def Info: ./graphs/Model/Model03.2_presentation.productself.pdf 
 used on input line 7719.
(pdftex.def)             Requested size: 722.69823pt x 939.5077pt.

Overfull \hbox (81.79463pt too wide) in paragraph at lines 7717--7720
[] 
 []

[69 <./graphs/Model/Model03.2_presentation.product.EXPGRP.pdf>] [70] [71]
Overfull \vbox (20.66443pt too high) has occurred while \output is active []


[72 <./graphs/Model/Model03.2_presentation.productself.pdf>]
Overfull \hbox (81.78897pt too wide) in paragraph at lines 7729--7758
 [][] 
 []

[73]
Chapter 4.

Overfull \hbox (81.7901pt too wide) in paragraph at lines 7769--7790
 [][] 
 []

<./graphs/Model/Model04_SplillingEffect.pdf, id=335, 722.7pt x 939.51pt>
File: ./graphs/Model/Model04_SplillingEffect.pdf Graphic file (type pdf)
<use ./graphs/Model/Model04_SplillingEffect.pdf>
Package pdftex.def Info: ./graphs/Model/Model04_SplillingEffect.pdf  used on in
put line 7795.
(pdftex.def)             Requested size: 722.69823pt x 939.5077pt.

Overfull \hbox (81.79463pt too wide) in paragraph at lines 7793--7796
[] 
 []

[74

]
Overfull \vbox (180.59943pt too high) has occurred while \output is active []


[75 <./graphs/Model/Model04_SplillingEffect.pdf>]
Chapter 5.
[76

]
Overfull \hbox (75.96198pt too wide) in paragraph at lines 7805--7829
 [][] 
 []

[77]
Overfull \hbox (81.79257pt too wide) in paragraph at lines 7840--7879
 [][] 
 []

[78]
Chapter 6.

Overfull \hbox (81.79175pt too wide) in paragraph at lines 7889--7954
 [][] 
 []

[79



] [80]
Chapter 7.

Overfull \hbox (24.89194pt too wide) in paragraph at lines 7964--8080
 [][] 
 []


Overfull \hbox (24.89317pt too wide) in paragraph at lines 8087--8121
 [][] 
 []


Overfull \hbox (24.89194pt too wide) in paragraph at lines 8129--8219
 [][] 
 []


Overfull \hbox (24.89317pt too wide) in paragraph at lines 8227--8261
 [][] 
 []

[81

] [82] [83] [84] [85]
Chapter 8.

Overfull \hbox (24.8812pt too wide) in paragraph at lines 8272--8313
 [][] 
 []

[86

] [87] [88

]
Chapter 9.
<./graphs/Model/Model04_racename.pdf, id=393, 722.7pt x 361.35pt>
File: ./graphs/Model/Model04_racename.pdf Graphic file (type pdf)
<use ./graphs/Model/Model04_racename.pdf>
Package pdftex.def Info: ./graphs/Model/Model04_racename.pdf  used on input lin
e 8356.
(pdftex.def)             Requested size: 722.69823pt x 361.34912pt.

Overfull \hbox (81.79463pt too wide) in paragraph at lines 8354--8357
[] 
 []

[89

 <./graphs/Model/Model04_racename.pdf>] [90]
Chapter 10.
<./graphs/Model/Model05_racerespondant.pdf, id=406, 722.7pt x 361.35pt>
File: ./graphs/Model/Model05_racerespondant.pdf Graphic file (type pdf)
<use ./graphs/Model/Model05_racerespondant.pdf>
Package pdftex.def Info: ./graphs/Model/Model05_racerespondant.pdf  used on inp
ut line 8391.
(pdftex.def)             Requested size: 722.69823pt x 361.34912pt.

Overfull \hbox (81.79463pt too wide) in paragraph at lines 8389--8392
[] 
 []


Overfull \hbox (22.33408pt too wide) in paragraph at lines 8398--8421
 [][] 
 []

<./graphs/Model/Model05_racerespondant.2.pdf, id=407, 722.7pt x 361.35pt>
File: ./graphs/Model/Model05_racerespondant.2.pdf Graphic file (type pdf)
<use ./graphs/Model/Model05_racerespondant.2.pdf>
Package pdftex.def Info: ./graphs/Model/Model05_racerespondant.2.pdf  used on i
nput line 8425.
(pdftex.def)             Requested size: 722.69823pt x 361.34912pt.

Overfull \hbox (96.79463pt too wide) in paragraph at lines 8423--8426
[][] 
 []


Overfull \hbox (124.1956pt too wide) in paragraph at lines 8430--8459
 [][] 
 []

[91

 <./graphs/Model/Model05_racerespondant.pdf>] [92] [93 <./graphs/Model/Model05_
racerespondant.2.pdf>] [94]
Chapter 11.

Overfull \hbox (81.81421pt too wide) in paragraph at lines 8468--8529
 [][] 
 []


LaTeX Warning: Float too large for page by 72.1413pt on input line 8529.


Overfull \hbox (102.30635pt too wide) in paragraph at lines 8535--8584
 [][] 
 []

<./graphs/Model/Model06_racerespondant.racename.pdf, id=430, 722.7pt x 361.35pt
>
File: ./graphs/Model/Model06_racerespondant.racename.pdf Graphic file (type pdf
)
<use ./graphs/Model/Model06_racerespondant.racename.pdf>
Package pdftex.def Info: ./graphs/Model/Model06_racerespondant.racename.pdf  us
ed on input line 8590.
(pdftex.def)             Requested size: 722.69823pt x 361.34912pt.

Overfull \hbox (81.79463pt too wide) in paragraph at lines 8588--8591
[] 
 []


LaTeX Warning: Float too large for page by 124.2042pt on input line 8703.


Overfull \hbox (24.9002pt too wide) in paragraph at lines 8711--8768
 [][] 
 []

[95

 <./graphs/Model/Model06_racerespondant.racename.pdf>] [96] [97] [98]
[99]
Chapter 12.

Overfull \hbox (81.7811pt too wide) in paragraph at lines 8777--8847
 [][] 
 []

<./graphs/Model/Model6.2_presentation.racename.pdf, id=452, 722.7pt x 939.51pt>

File: ./graphs/Model/Model6.2_presentation.racename.pdf Graphic file (type pdf)

<use ./graphs/Model/Model6.2_presentation.racename.pdf>
Package pdftex.def Info: ./graphs/Model/Model6.2_presentation.racename.pdf  use
d on input line 8852.
(pdftex.def)             Requested size: 722.69823pt x 939.5077pt.

Overfull \hbox (81.78746pt too wide) in paragraph at lines 8859--8924
 [][] 
 []

[100

] [101]
Overfull \vbox (27.34554pt too high) has occurred while \output is active []


[102 <./graphs/Model/Model6.2_presentation.racename.pdf>] [103]
<./graphs/Model/Model6.3_spill.racename.pdf, id=477, 722.7pt x 939.51pt>
File: ./graphs/Model/Model6.3_spill.racename.pdf Graphic file (type pdf)
<use ./graphs/Model/Model6.3_spill.racename.pdf>
Package pdftex.def Info: ./graphs/Model/Model6.3_spill.racename.pdf  used on in
put line 8928.
(pdftex.def)             Requested size: 722.69823pt x 939.5077pt.

Underfull \hbox (badness 10000) in paragraph at lines 8926--8930

 []

<./graphs/Model/Model6.3.2_spill.racename.update.pdf, id=478, 722.7pt x 939.51p
t>
File: ./graphs/Model/Model6.3.2_spill.racename.update.pdf Graphic file (type pd
f)
<use ./graphs/Model/Model6.3.2_spill.racename.update.pdf>
Package pdftex.def Info: ./graphs/Model/Model6.3.2_spill.racename.update.pdf  u
sed on input line 8933.
(pdftex.def)             Requested size: 722.69823pt x 939.5077pt.
<./graphs/Model/Model6.3.2_spill.racename.update.2.pdf, id=479, 722.7pt x 939.5
1pt>
File: ./graphs/Model/Model6.3.2_spill.racename.update.2.pdf Graphic file (type 
pdf)
<use ./graphs/Model/Model6.3.2_spill.racename.update.2.pdf>
Package pdftex.def Info: ./graphs/Model/Model6.3.2_spill.racename.update.2.pdf 
 used on input line 8937.
(pdftex.def)             Requested size: 722.69823pt x 939.5077pt.
[104 <./graphs/Model/Model6.3_spill.racename.pdf>]
Overfull \hbox (81.79819pt too wide) in paragraph at lines 8944--9034
 [][] 
 []

[105 <./graphs/Model/Model6.3.2_spill.racename.update.pdf>]
Overfull \hbox (81.79013pt too wide) in paragraph at lines 9042--9099
 [][] 
 []


Overfull \hbox (81.7983pt too wide) in paragraph at lines 9106--9217
 [][] 
 []


LaTeX Warning: Float too large for page by 37.78123pt on input line 9217.

[106 <./graphs/Model/Model6.3.2_spill.racename.update.2.pdf>] [107] [108]
[109] [110]
Chapter 13.
<./graphs/Model/Model07_covidskepticism.pdf, id=532, 722.7pt x 361.35pt>
File: ./graphs/Model/Model07_covidskepticism.pdf Graphic file (type pdf)
<use ./graphs/Model/Model07_covidskepticism.pdf>
Package pdftex.def Info: ./graphs/Model/Model07_covidskepticism.pdf  used on in
put line 9394.
(pdftex.def)             Requested size: 722.69823pt x 361.34912pt.

Overfull \hbox (81.79463pt too wide) in paragraph at lines 9392--9395
[] 
 []

[111

 <./graphs/Model/Model07_covidskepticism.pdf>] [112]
Chapter 14.

Overfull \hbox (81.80023pt too wide) in paragraph at lines 9404--9437
 [][] 
 []


Overfull \hbox (81.81071pt too wide) in paragraph at lines 9447--9484
 [][] 
 []


LaTeX Warning: Float too large for page by 17.54486pt on input line 9598.


Overfull \hbox (81.79692pt too wide) in paragraph at lines 9604--9641
 [][] 
 []


Overfull \hbox (81.80565pt too wide) in paragraph at lines 9647--9698
 [][] 
 []

[113

] [114] [115] [116] [117] [118] [119

]
Chapter 15.

Overfull \hbox (81.78958pt too wide) in paragraph at lines 9709--9745
 [][] 
 []


LaTeX Warning: Float too large for page by 59.0756pt on input line 9864.


Overfull \hbox (81.8038pt too wide) in paragraph at lines 9872--9931
 [][] 
 []


Overfull \hbox (81.7882pt too wide) in paragraph at lines 9940--10003
 [][] 
 []


Overfull \hbox (81.7882pt too wide) in paragraph at lines 10010--10041
 [][] 
 []


Overfull \hbox (81.79973pt too wide) in paragraph at lines 10053--10084
 [][] 
 []


Overfull \hbox (81.79044pt too wide) in paragraph at lines 10090--10121
 [][] 
 []


Overfull \hbox (280.41776pt too wide) in paragraph at lines 10127--10157
 [][] 
 []


Overfull \hbox (81.80602pt too wide) in paragraph at lines 10163--10194
 [][] 
 []

[120

] [121] [122] [123] [124] [125] [126] [127] [128] [129

]
Chapter 16.

Overfull \hbox (64.44524pt too wide) in paragraph at lines 10210--10229
 [][] 
 []


Overfull \hbox (97.08418pt too wide) in paragraph at lines 10235--10255
 [][] 
 []


Overfull \hbox (81.80647pt too wide) in paragraph at lines 10262--10283
 [][] 
 []


Overfull \hbox (81.78244pt too wide) in paragraph at lines 10290--10314
 [][] 
 []

[130

] [131] [132] [133] (./2022_07_mixedmodels_Scenario.aux) ) 
Here is how much of TeX's memory you used:
 7770 strings out of 478268
 182716 string characters out of 5846347
 4466837 words of memory out of 5000000
 25864 multiletter control sequences out of 15000+600000
 476189 words of font info for 52 fonts, out of 8000000 for 9000
 1141 hyphenation exceptions out of 8191
 71i,10n,79p,680b,512s stack positions out of 10000i,1000n,20000p,200000b,200000s
{/usr/local/texlive/2
022/texmf-dist/fonts/enc/dvips/cm-super/cm-super-ts1.enc}</usr/local/texlive/20
22/texmf-dist/fonts/type1/public/amsfonts/cm/cmbx10.pfb></usr/local/texlive/202
2/texmf-dist/fonts/type1/public/amsfonts/cm/cmbx12.pfb></usr/local/texlive/2022
/texmf-dist/fonts/type1/public/amsfonts/cm/cmmi10.pfb></usr/local/texlive/2022/
texmf-dist/fonts/type1/public/amsfonts/cm/cmr10.pfb></usr/local/texlive/2022/te
xmf-dist/fonts/type1/public/amsfonts/cm/cmr12.pfb></usr/local/texlive/2022/texm
f-dist/fonts/type1/public/amsfonts/cm/cmsy10.pfb></usr/local/texlive/2022/texmf
-dist/fonts/type1/public/cm-super/sfrm1000.pfb>
Output written on 2022_07_mixedmodels_Scenario.pdf (134 pages, 14288482 bytes).

PDF statistics:
 656 PDF objects out of 1000 (max. 8388607)
 461 compressed objects within 5 object streams
 0 named destinations out of 1000 (max. 500000)
 101 words of extra memory for PDF output out of 10000 (max. 10000000)

